{"level":"warn","message":"Failed to create Redis store for rate limiting, using memory store","service":"iot-tracking-server","timestamp":"2025-08-01T04:57:21.476Z"}
{"level":"warn","message":"Failed to create Redis store for rate limiting, using memory store","service":"iot-tracking-server","timestamp":"2025-08-01T04:57:21.479Z"}
{"level":"warn","message":"Failed to create Redis store for rate limiting, using memory store","service":"iot-tracking-server","timestamp":"2025-08-01T04:57:21.480Z"}
{"level":"warn","message":"Failed to create Redis store for rate limiting, using memory store","service":"iot-tracking-server","timestamp":"2025-08-01T04:57:21.481Z"}
{"level":"warn","message":"Failed to create Redis store for rate limiting, using memory store","service":"iot-tracking-server","timestamp":"2025-08-01T04:57:21.481Z"}
{"apiVersion":"v1","environment":"development","level":"info","message":"🚀 IoT Tracking Server started","port":3000,"processId":5388,"service":"iot-tracking-server","timestamp":"2025-08-01T04:57:21.550Z"}
{"apiVersion":"v1","corsOrigins":"*","level":"info","logLevel":"info","message":"Server configuration:","mongoConnected":false,"nodeEnv":"development","port":3000,"service":"iot-tracking-server","timestamp":"2025-08-01T04:57:21.551Z"}
{"level":"info","message":"Redis client connected","service":"iot-tracking-server","timestamp":"2025-08-01T04:57:21.556Z"}
{"level":"info","message":"Redis connection established for rate limiting","service":"iot-tracking-server","timestamp":"2025-08-01T04:57:21.593Z"}
{"level":"info","message":"MongoDB Connected: transactions-shard-00-00.puvlf.mongodb.net","service":"iot-tracking-server","timestamp":"2025-08-01T04:57:22.202Z"}
{"level":"warn","message":"Failed to create Redis store for rate limiting, using memory store","service":"iot-tracking-server","timestamp":"2025-08-01T04:57:48.536Z"}
{"level":"warn","message":"Failed to create Redis store for rate limiting, using memory store","service":"iot-tracking-server","timestamp":"2025-08-01T04:57:48.539Z"}
{"level":"warn","message":"Failed to create Redis store for rate limiting, using memory store","service":"iot-tracking-server","timestamp":"2025-08-01T04:57:48.540Z"}
{"level":"warn","message":"Failed to create Redis store for rate limiting, using memory store","service":"iot-tracking-server","timestamp":"2025-08-01T04:57:48.541Z"}
{"level":"warn","message":"Failed to create Redis store for rate limiting, using memory store","service":"iot-tracking-server","timestamp":"2025-08-01T04:57:48.542Z"}
{"apiVersion":"v1","environment":"development","level":"info","message":"🚀 IoT Tracking Server started","port":3000,"processId":6520,"service":"iot-tracking-server","timestamp":"2025-08-01T04:57:48.603Z"}
{"apiVersion":"v1","corsOrigins":"*","level":"info","logLevel":"info","message":"Server configuration:","mongoConnected":false,"nodeEnv":"development","port":3000,"service":"iot-tracking-server","timestamp":"2025-08-01T04:57:48.605Z"}
{"level":"info","message":"Redis client connected","service":"iot-tracking-server","timestamp":"2025-08-01T04:57:48.639Z"}
{"level":"info","message":"Redis connection established for rate limiting","service":"iot-tracking-server","timestamp":"2025-08-01T04:57:48.642Z"}
{"level":"info","message":"MongoDB Connected: transactions-shard-00-00.puvlf.mongodb.net","service":"iot-tracking-server","timestamp":"2025-08-01T04:57:48.893Z"}
{"level":"info","message":"Received SIGINT. Starting graceful shutdown...","service":"iot-tracking-server","timestamp":"2025-08-01T05:04:07.245Z"}
{"level":"warn","message":"Failed to create Redis store for rate limiting, using memory store","service":"iot-tracking-server","timestamp":"2025-08-01T05:04:13.916Z"}
{"level":"warn","message":"Failed to create Redis store for rate limiting, using memory store","service":"iot-tracking-server","timestamp":"2025-08-01T05:04:13.919Z"}
{"level":"warn","message":"Failed to create Redis store for rate limiting, using memory store","service":"iot-tracking-server","timestamp":"2025-08-01T05:04:13.920Z"}
{"level":"warn","message":"Failed to create Redis store for rate limiting, using memory store","service":"iot-tracking-server","timestamp":"2025-08-01T05:04:13.920Z"}
{"level":"warn","message":"Failed to create Redis store for rate limiting, using memory store","service":"iot-tracking-server","timestamp":"2025-08-01T05:04:13.921Z"}
{"apiVersion":"v1","environment":"development","level":"info","message":"🚀 IoT Tracking Server started","port":3000,"processId":20652,"service":"iot-tracking-server","timestamp":"2025-08-01T05:04:13.983Z"}
{"apiVersion":"v1","corsOrigins":"*","level":"info","logLevel":"info","message":"Server configuration:","mongoConnected":false,"nodeEnv":"development","port":3000,"service":"iot-tracking-server","timestamp":"2025-08-01T05:04:13.985Z"}
{"level":"info","message":"Redis client connected","service":"iot-tracking-server","timestamp":"2025-08-01T05:04:13.989Z"}
{"level":"info","message":"Redis connection established for rate limiting","service":"iot-tracking-server","timestamp":"2025-08-01T05:04:14.024Z"}
{"level":"info","message":"MongoDB Connected: transactions-shard-00-00.puvlf.mongodb.net","service":"iot-tracking-server","timestamp":"2025-08-01T05:04:14.763Z"}
{"contentLength":"185","duration":"6ms","ip":"::1","level":"info","message":"HTTP Request","method":"GET","service":"iot-tracking-server","statusCode":200,"timestamp":"2025-08-01T05:05:31.918Z","url":"/health","userAgent":"PostmanRuntime/7.44.1"}
{"contentLength":"186","duration":"1ms","ip":"::1","level":"info","message":"HTTP Request","method":"GET","service":"iot-tracking-server","statusCode":200,"timestamp":"2025-08-01T05:06:17.636Z","url":"/health","userAgent":"PostmanRuntime/7.44.1"}
{"deviceId":"ESP32_001","ip":"::1","level":"warn","message":"Invalid API key","method":"POST","providedKey":"your_api...","service":"iot-tracking-server","timestamp":"2025-08-01T05:06:56.537Z","url":"/register","userAgent":"PostmanRuntime/7.44.1"}
{"contentLength":"84","deviceId":"ESP32_001","duration":"2ms","ip":"::1","level":"warn","message":"HTTP Request","method":"POST","service":"iot-tracking-server","statusCode":401,"timestamp":"2025-08-01T05:06:56.538Z","url":"/register","userAgent":"PostmanRuntime/7.44.1"}
{"deviceId":"ESP32_001","ip":"::1","level":"warn","message":"Invalid API key","method":"POST","providedKey":"your_api...","service":"iot-tracking-server","timestamp":"2025-08-01T05:07:28.717Z","url":"/register","userAgent":"PostmanRuntime/7.44.1"}
{"contentLength":"84","deviceId":"ESP32_001","duration":"2ms","ip":"::1","level":"warn","message":"HTTP Request","method":"POST","service":"iot-tracking-server","statusCode":401,"timestamp":"2025-08-01T05:07:28.718Z","url":"/register","userAgent":"PostmanRuntime/7.44.1"}
{"deviceId":"ESP32_001","errors":[{"field":"deviceId","message":"Device ID must contain only alphanumeric characters","value":"ESP32_001"}],"level":"warn","message":"Validation failed","method":"POST","service":"iot-tracking-server","source":"body","timestamp":"2025-08-01T05:07:39.225Z","url":"/register"}
{"contentLength":"202","deviceId":"ESP32_001","duration":"3ms","ip":"::1","level":"warn","message":"HTTP Request","method":"POST","service":"iot-tracking-server","statusCode":400,"timestamp":"2025-08-01T05:07:39.226Z","url":"/register","userAgent":"PostmanRuntime/7.44.1"}
{"deviceId":"ESP32001","error":"Plan executor error during findAndModify :: caused by :: Can't extract geo keys: { _id: ObjectId('688c4bb2bffd66bc19925948'), deviceId: \"ESP32001\", __v: 0, alertSettings: { vibrationEnabled: true, tamperingEnabled: true, lowBatteryEnabled: true, geofenceEnabled: false }, batteryThreshold: 20, createdAt: new Date(1754024878873), description: \"Primary vehicle tracking device\", geofence: { center: { coordinates: [], type: \"Point\" }, enabled: false }, hardware: { model: \"ESP32-WROOM-32\", version: \"1.0\", imei: \"123456789012345\" }, isActive: true, lastSeen: new Date(1754024878870), name: \"Vehicle Tracker 1\", updatedAt: new Date(1754024878873) }  Point must only contain numeric elements, instead got type missing","level":"error","message":"Error registering device:","name":"Vehicle Tracker 1","service":"iot-tracking-server","timestamp":"2025-08-01T05:07:58.925Z"}
{"body":{"alertSettings":{"geofenceEnabled":false,"lowBatteryEnabled":true,"tamperingEnabled":true,"vibrationEnabled":true},"batteryThreshold":20,"description":"Primary vehicle tracking device","deviceId":"ESP32001","hardware":{"imei":"123456789012345","model":"ESP32-WROOM-32","version":"1.0"},"name":"Vehicle Tracker 1"},"deviceId":"ESP32001","ip":"::1","level":"error","message":"Error occurred: Plan executor error during findAndModify :: caused by :: Can't extract geo keys: { _id: ObjectId('688c4bb2bffd66bc19925948'), deviceId: \"ESP32001\", __v: 0, alertSettings: { vibrationEnabled: true, tamperingEnabled: true, lowBatteryEnabled: true, geofenceEnabled: false }, batteryThreshold: 20, createdAt: new Date(1754024878873), description: \"Primary vehicle tracking device\", geofence: { center: { coordinates: [], type: \"Point\" }, enabled: false }, hardware: { model: \"ESP32-WROOM-32\", version: \"1.0\", imei: \"123456789012345\" }, isActive: true, lastSeen: new Date(1754024878870), name: \"Vehicle Tracker 1\", updatedAt: new Date(1754024878873) }  Point must only contain numeric elements, instead got type missing","method":"POST","params":{},"query":{},"service":"iot-tracking-server","stack":"MongoServerError: Plan executor error during findAndModify :: caused by :: Can't extract geo keys: { _id: ObjectId('688c4bb2bffd66bc19925948'), deviceId: \"ESP32001\", __v: 0, alertSettings: { vibrationEnabled: true, tamperingEnabled: true, lowBatteryEnabled: true, geofenceEnabled: false }, batteryThreshold: 20, createdAt: new Date(1754024878873), description: \"Primary vehicle tracking device\", geofence: { center: { coordinates: [], type: \"Point\" }, enabled: false }, hardware: { model: \"ESP32-WROOM-32\", version: \"1.0\", imei: \"123456789012345\" }, isActive: true, lastSeen: new Date(1754024878870), name: \"Vehicle Tracker 1\", updatedAt: new Date(1754024878873) }  Point must only contain numeric elements, instead got type missing\n    at Connection.sendCommand (C:\\Users\\Hp\\Desktop\\dev\\software\\mohit\\fixpoint-drishti-backend\\node_modules\\mongodb\\lib\\cmap\\connection.js:305:27)\n    at process.processTicksAndRejections (node:internal/process/task_queues:105:5)\n    at async Connection.command (C:\\Users\\Hp\\Desktop\\dev\\software\\mohit\\fixpoint-drishti-backend\\node_modules\\mongodb\\lib\\cmap\\connection.js:333:26)\n    at async Server.command (C:\\Users\\Hp\\Desktop\\dev\\software\\mohit\\fixpoint-drishti-backend\\node_modules\\mongodb\\lib\\sdam\\server.js:171:29)\n    at async FindOneAndUpdateOperation.executeCommand (C:\\Users\\Hp\\Desktop\\dev\\software\\mohit\\fixpoint-drishti-backend\\node_modules\\mongodb\\lib\\operations\\command.js:76:16)\n    at async FindOneAndUpdateOperation.execute (C:\\Users\\Hp\\Desktop\\dev\\software\\mohit\\fixpoint-drishti-backend\\node_modules\\mongodb\\lib\\operations\\find_and_modify.js:85:24)\n    at async tryOperation (C:\\Users\\Hp\\Desktop\\dev\\software\\mohit\\fixpoint-drishti-backend\\node_modules\\mongodb\\lib\\operations\\execute_operation.js:207:20)\n    at async executeOperation (C:\\Users\\Hp\\Desktop\\dev\\software\\mohit\\fixpoint-drishti-backend\\node_modules\\mongodb\\lib\\operations\\execute_operation.js:75:16)\n    at async Collection.findOneAndUpdate (C:\\Users\\Hp\\Desktop\\dev\\software\\mohit\\fixpoint-drishti-backend\\node_modules\\mongodb\\lib\\collection.js:500:16)\n    at async model.Query._findOneAndUpdate (C:\\Users\\Hp\\Desktop\\dev\\software\\mohit\\fixpoint-drishti-backend\\node_modules\\mongoose\\lib\\query.js:3513:13)","timestamp":"2025-08-01T05:07:58.927Z","url":"/api/v1/device/register","userAgent":"PostmanRuntime/7.44.1"}
{"contentLength":"820","deviceId":"ESP32001","duration":"61ms","ip":"::1","level":"warn","message":"HTTP Request","method":"POST","service":"iot-tracking-server","statusCode":500,"timestamp":"2025-08-01T05:07:58.930Z","url":"/api/v1/device/register","userAgent":"PostmanRuntime/7.44.1"}
{"level":"info","message":"Received SIGINT. Starting graceful shutdown...","service":"iot-tracking-server","timestamp":"2025-08-01T05:08:17.570Z"}
{"level":"warn","message":"Failed to create Redis store for rate limiting, using memory store","service":"iot-tracking-server","timestamp":"2025-08-01T05:08:29.881Z"}
{"level":"warn","message":"Failed to create Redis store for rate limiting, using memory store","service":"iot-tracking-server","timestamp":"2025-08-01T05:08:29.885Z"}
{"level":"warn","message":"Failed to create Redis store for rate limiting, using memory store","service":"iot-tracking-server","timestamp":"2025-08-01T05:08:29.886Z"}
{"level":"warn","message":"Failed to create Redis store for rate limiting, using memory store","service":"iot-tracking-server","timestamp":"2025-08-01T05:08:29.886Z"}
{"level":"warn","message":"Failed to create Redis store for rate limiting, using memory store","service":"iot-tracking-server","timestamp":"2025-08-01T05:08:29.887Z"}
{"apiVersion":"v1","environment":"development","level":"info","message":"🚀 IoT Tracking Server started","port":3000,"processId":12372,"service":"iot-tracking-server","timestamp":"2025-08-01T05:08:29.945Z"}
{"apiVersion":"v1","corsOrigins":"*","level":"info","logLevel":"info","message":"Server configuration:","mongoConnected":false,"nodeEnv":"development","port":3000,"service":"iot-tracking-server","timestamp":"2025-08-01T05:08:29.946Z"}
{"level":"info","message":"Redis client connected","service":"iot-tracking-server","timestamp":"2025-08-01T05:08:29.951Z"}
{"level":"info","message":"Redis connection established for rate limiting","service":"iot-tracking-server","timestamp":"2025-08-01T05:08:29.953Z"}
{"level":"info","message":"MongoDB Connected: transactions-shard-00-00.puvlf.mongodb.net","service":"iot-tracking-server","timestamp":"2025-08-01T05:08:30.431Z"}
{"level":"warn","message":"Failed to create Redis store for rate limiting, using memory store","service":"iot-tracking-server","timestamp":"2025-08-01T05:09:40.344Z"}
{"level":"warn","message":"Failed to create Redis store for rate limiting, using memory store","service":"iot-tracking-server","timestamp":"2025-08-01T05:09:40.347Z"}
{"level":"warn","message":"Failed to create Redis store for rate limiting, using memory store","service":"iot-tracking-server","timestamp":"2025-08-01T05:09:40.348Z"}
{"level":"warn","message":"Failed to create Redis store for rate limiting, using memory store","service":"iot-tracking-server","timestamp":"2025-08-01T05:09:40.348Z"}
{"level":"warn","message":"Failed to create Redis store for rate limiting, using memory store","service":"iot-tracking-server","timestamp":"2025-08-01T05:09:40.349Z"}
{"apiVersion":"v1","environment":"development","level":"info","message":"🚀 IoT Tracking Server started","port":3000,"processId":1940,"service":"iot-tracking-server","timestamp":"2025-08-01T05:09:40.409Z"}
{"apiVersion":"v1","corsOrigins":"*","level":"info","logLevel":"info","message":"Server configuration:","mongoConnected":false,"nodeEnv":"development","port":3000,"service":"iot-tracking-server","timestamp":"2025-08-01T05:09:40.410Z"}
{"level":"info","message":"Redis client connected","service":"iot-tracking-server","timestamp":"2025-08-01T05:09:40.415Z"}
{"level":"info","message":"Redis connection established for rate limiting","service":"iot-tracking-server","timestamp":"2025-08-01T05:09:40.447Z"}
{"level":"info","message":"MongoDB Connected: transactions-shard-00-00.puvlf.mongodb.net","service":"iot-tracking-server","timestamp":"2025-08-01T05:09:41.201Z"}
{"level":"warn","message":"Failed to create Redis store for rate limiting, using memory store","service":"iot-tracking-server","timestamp":"2025-08-01T05:09:53.197Z"}
{"level":"warn","message":"Failed to create Redis store for rate limiting, using memory store","service":"iot-tracking-server","timestamp":"2025-08-01T05:09:53.201Z"}
{"level":"warn","message":"Failed to create Redis store for rate limiting, using memory store","service":"iot-tracking-server","timestamp":"2025-08-01T05:09:53.202Z"}
{"level":"warn","message":"Failed to create Redis store for rate limiting, using memory store","service":"iot-tracking-server","timestamp":"2025-08-01T05:09:53.202Z"}
{"level":"warn","message":"Failed to create Redis store for rate limiting, using memory store","service":"iot-tracking-server","timestamp":"2025-08-01T05:09:53.203Z"}
{"apiVersion":"v1","environment":"development","level":"info","message":"🚀 IoT Tracking Server started","port":3000,"processId":5000,"service":"iot-tracking-server","timestamp":"2025-08-01T05:09:53.261Z"}
{"apiVersion":"v1","corsOrigins":"*","level":"info","logLevel":"info","message":"Server configuration:","mongoConnected":false,"nodeEnv":"development","port":3000,"service":"iot-tracking-server","timestamp":"2025-08-01T05:09:53.262Z"}
{"level":"info","message":"Redis client connected","service":"iot-tracking-server","timestamp":"2025-08-01T05:09:53.296Z"}
{"level":"info","message":"Redis connection established for rate limiting","service":"iot-tracking-server","timestamp":"2025-08-01T05:09:53.300Z"}
{"level":"info","message":"MongoDB Connected: transactions-shard-00-00.puvlf.mongodb.net","service":"iot-tracking-server","timestamp":"2025-08-01T05:09:53.625Z"}
{"level":"warn","message":"Failed to create Redis store for rate limiting, using memory store","service":"iot-tracking-server","timestamp":"2025-08-01T05:10:06.694Z"}
{"level":"warn","message":"Failed to create Redis store for rate limiting, using memory store","service":"iot-tracking-server","timestamp":"2025-08-01T05:10:06.697Z"}
{"level":"warn","message":"Failed to create Redis store for rate limiting, using memory store","service":"iot-tracking-server","timestamp":"2025-08-01T05:10:06.698Z"}
{"level":"warn","message":"Failed to create Redis store for rate limiting, using memory store","service":"iot-tracking-server","timestamp":"2025-08-01T05:10:06.698Z"}
{"level":"warn","message":"Failed to create Redis store for rate limiting, using memory store","service":"iot-tracking-server","timestamp":"2025-08-01T05:10:06.699Z"}
{"apiVersion":"v1","environment":"development","level":"info","message":"🚀 IoT Tracking Server started","port":3000,"processId":5184,"service":"iot-tracking-server","timestamp":"2025-08-01T05:10:06.758Z"}
{"apiVersion":"v1","corsOrigins":"*","level":"info","logLevel":"info","message":"Server configuration:","mongoConnected":false,"nodeEnv":"development","port":3000,"service":"iot-tracking-server","timestamp":"2025-08-01T05:10:06.759Z"}
{"level":"info","message":"Redis client connected","service":"iot-tracking-server","timestamp":"2025-08-01T05:10:06.794Z"}
{"level":"info","message":"Redis connection established for rate limiting","service":"iot-tracking-server","timestamp":"2025-08-01T05:10:06.798Z"}
{"level":"info","message":"MongoDB Connected: transactions-shard-00-00.puvlf.mongodb.net","service":"iot-tracking-server","timestamp":"2025-08-01T05:10:07.076Z"}
{"level":"warn","message":"Failed to create Redis store for rate limiting, using memory store","service":"iot-tracking-server","timestamp":"2025-08-01T05:10:36.594Z"}
{"level":"warn","message":"Failed to create Redis store for rate limiting, using memory store","service":"iot-tracking-server","timestamp":"2025-08-01T05:10:36.598Z"}
{"level":"warn","message":"Failed to create Redis store for rate limiting, using memory store","service":"iot-tracking-server","timestamp":"2025-08-01T05:10:36.598Z"}
{"level":"warn","message":"Failed to create Redis store for rate limiting, using memory store","service":"iot-tracking-server","timestamp":"2025-08-01T05:10:36.599Z"}
{"level":"warn","message":"Failed to create Redis store for rate limiting, using memory store","service":"iot-tracking-server","timestamp":"2025-08-01T05:10:36.600Z"}
{"apiVersion":"v1","environment":"development","level":"info","message":"🚀 IoT Tracking Server started","port":3000,"processId":21108,"service":"iot-tracking-server","timestamp":"2025-08-01T05:10:36.658Z"}
{"apiVersion":"v1","corsOrigins":"*","level":"info","logLevel":"info","message":"Server configuration:","mongoConnected":false,"nodeEnv":"development","port":3000,"service":"iot-tracking-server","timestamp":"2025-08-01T05:10:36.659Z"}
{"level":"info","message":"Redis client connected","service":"iot-tracking-server","timestamp":"2025-08-01T05:10:36.693Z"}
{"level":"info","message":"Redis connection established for rate limiting","service":"iot-tracking-server","timestamp":"2025-08-01T05:10:36.696Z"}
{"level":"info","message":"MongoDB Connected: transactions-shard-00-00.puvlf.mongodb.net","service":"iot-tracking-server","timestamp":"2025-08-01T05:10:37.050Z"}
{"level":"warn","message":"Failed to create Redis store for rate limiting, using memory store","service":"iot-tracking-server","timestamp":"2025-08-01T05:10:51.226Z"}
{"level":"warn","message":"Failed to create Redis store for rate limiting, using memory store","service":"iot-tracking-server","timestamp":"2025-08-01T05:10:51.229Z"}
{"level":"warn","message":"Failed to create Redis store for rate limiting, using memory store","service":"iot-tracking-server","timestamp":"2025-08-01T05:10:51.230Z"}
{"level":"warn","message":"Failed to create Redis store for rate limiting, using memory store","service":"iot-tracking-server","timestamp":"2025-08-01T05:10:51.230Z"}
{"level":"warn","message":"Failed to create Redis store for rate limiting, using memory store","service":"iot-tracking-server","timestamp":"2025-08-01T05:10:51.231Z"}
{"apiVersion":"v1","environment":"development","level":"info","message":"🚀 IoT Tracking Server started","port":3000,"processId":14596,"service":"iot-tracking-server","timestamp":"2025-08-01T05:10:51.290Z"}
{"apiVersion":"v1","corsOrigins":"*","level":"info","logLevel":"info","message":"Server configuration:","mongoConnected":false,"nodeEnv":"development","port":3000,"service":"iot-tracking-server","timestamp":"2025-08-01T05:10:51.291Z"}
{"level":"info","message":"Redis client connected","service":"iot-tracking-server","timestamp":"2025-08-01T05:10:51.295Z"}
{"level":"info","message":"Redis connection established for rate limiting","service":"iot-tracking-server","timestamp":"2025-08-01T05:10:51.327Z"}
{"level":"info","message":"MongoDB Connected: transactions-shard-00-00.puvlf.mongodb.net","service":"iot-tracking-server","timestamp":"2025-08-01T05:10:51.687Z"}
{"level":"warn","message":"Failed to create Redis store for rate limiting, using memory store","service":"iot-tracking-server","timestamp":"2025-08-01T05:12:14.438Z"}
{"level":"warn","message":"Failed to create Redis store for rate limiting, using memory store","service":"iot-tracking-server","timestamp":"2025-08-01T05:12:14.442Z"}
{"level":"warn","message":"Failed to create Redis store for rate limiting, using memory store","service":"iot-tracking-server","timestamp":"2025-08-01T05:12:14.443Z"}
{"level":"warn","message":"Failed to create Redis store for rate limiting, using memory store","service":"iot-tracking-server","timestamp":"2025-08-01T05:12:14.443Z"}
{"level":"warn","message":"Failed to create Redis store for rate limiting, using memory store","service":"iot-tracking-server","timestamp":"2025-08-01T05:12:14.444Z"}
{"apiVersion":"v1","environment":"development","level":"info","message":"🚀 IoT Tracking Server started","port":3000,"processId":18224,"service":"iot-tracking-server","timestamp":"2025-08-01T05:12:14.507Z"}
{"apiVersion":"v1","corsOrigins":"*","level":"info","logLevel":"info","message":"Server configuration:","mongoConnected":false,"nodeEnv":"development","port":3000,"service":"iot-tracking-server","timestamp":"2025-08-01T05:12:14.508Z"}
{"level":"info","message":"Redis client connected","service":"iot-tracking-server","timestamp":"2025-08-01T05:12:14.512Z"}
{"level":"info","message":"Redis connection established for rate limiting","service":"iot-tracking-server","timestamp":"2025-08-01T05:12:14.562Z"}
{"level":"info","message":"MongoDB Connected: transactions-shard-00-00.puvlf.mongodb.net","service":"iot-tracking-server","timestamp":"2025-08-01T05:12:15.254Z"}
{"level":"warn","message":"Failed to create Redis store for rate limiting, using memory store","service":"iot-tracking-server","timestamp":"2025-08-01T05:12:21.868Z"}
{"level":"warn","message":"Failed to create Redis store for rate limiting, using memory store","service":"iot-tracking-server","timestamp":"2025-08-01T05:12:21.872Z"}
{"level":"warn","message":"Failed to create Redis store for rate limiting, using memory store","service":"iot-tracking-server","timestamp":"2025-08-01T05:12:21.873Z"}
{"level":"warn","message":"Failed to create Redis store for rate limiting, using memory store","service":"iot-tracking-server","timestamp":"2025-08-01T05:12:21.873Z"}
{"level":"warn","message":"Failed to create Redis store for rate limiting, using memory store","service":"iot-tracking-server","timestamp":"2025-08-01T05:12:21.874Z"}
{"apiVersion":"v1","environment":"development","level":"info","message":"🚀 IoT Tracking Server started","port":3000,"processId":10088,"service":"iot-tracking-server","timestamp":"2025-08-01T05:12:21.933Z"}
{"apiVersion":"v1","corsOrigins":"*","level":"info","logLevel":"info","message":"Server configuration:","mongoConnected":false,"nodeEnv":"development","port":3000,"service":"iot-tracking-server","timestamp":"2025-08-01T05:12:21.934Z"}
{"level":"info","message":"Redis client connected","service":"iot-tracking-server","timestamp":"2025-08-01T05:12:21.970Z"}
{"level":"info","message":"Redis connection established for rate limiting","service":"iot-tracking-server","timestamp":"2025-08-01T05:12:21.972Z"}
{"level":"info","message":"MongoDB Connected: transactions-shard-00-00.puvlf.mongodb.net","service":"iot-tracking-server","timestamp":"2025-08-01T05:12:22.325Z"}
{"level":"warn","message":"Failed to create Redis store for rate limiting, using memory store","service":"iot-tracking-server","timestamp":"2025-08-01T05:12:28.766Z"}
{"level":"warn","message":"Failed to create Redis store for rate limiting, using memory store","service":"iot-tracking-server","timestamp":"2025-08-01T05:12:28.769Z"}
{"level":"warn","message":"Failed to create Redis store for rate limiting, using memory store","service":"iot-tracking-server","timestamp":"2025-08-01T05:12:28.770Z"}
{"level":"warn","message":"Failed to create Redis store for rate limiting, using memory store","service":"iot-tracking-server","timestamp":"2025-08-01T05:12:28.770Z"}
{"level":"warn","message":"Failed to create Redis store for rate limiting, using memory store","service":"iot-tracking-server","timestamp":"2025-08-01T05:12:28.771Z"}
{"apiVersion":"v1","environment":"development","level":"info","message":"🚀 IoT Tracking Server started","port":3000,"processId":12956,"service":"iot-tracking-server","timestamp":"2025-08-01T05:12:28.834Z"}
{"apiVersion":"v1","corsOrigins":"*","level":"info","logLevel":"info","message":"Server configuration:","mongoConnected":false,"nodeEnv":"development","port":3000,"service":"iot-tracking-server","timestamp":"2025-08-01T05:12:28.835Z"}
{"level":"info","message":"Redis client connected","service":"iot-tracking-server","timestamp":"2025-08-01T05:12:28.870Z"}
{"level":"info","message":"Redis connection established for rate limiting","service":"iot-tracking-server","timestamp":"2025-08-01T05:12:28.874Z"}
{"level":"info","message":"MongoDB Connected: transactions-shard-00-00.puvlf.mongodb.net","service":"iot-tracking-server","timestamp":"2025-08-01T05:12:29.215Z"}
{"level":"warn","message":"Failed to create Redis store for rate limiting, using memory store","service":"iot-tracking-server","timestamp":"2025-08-01T05:12:35.150Z"}
{"level":"warn","message":"Failed to create Redis store for rate limiting, using memory store","service":"iot-tracking-server","timestamp":"2025-08-01T05:12:35.154Z"}
{"level":"warn","message":"Failed to create Redis store for rate limiting, using memory store","service":"iot-tracking-server","timestamp":"2025-08-01T05:12:35.155Z"}
{"level":"warn","message":"Failed to create Redis store for rate limiting, using memory store","service":"iot-tracking-server","timestamp":"2025-08-01T05:12:35.155Z"}
{"level":"warn","message":"Failed to create Redis store for rate limiting, using memory store","service":"iot-tracking-server","timestamp":"2025-08-01T05:12:35.156Z"}
{"apiVersion":"v1","environment":"development","level":"info","message":"🚀 IoT Tracking Server started","port":3000,"processId":19404,"service":"iot-tracking-server","timestamp":"2025-08-01T05:12:35.215Z"}
{"apiVersion":"v1","corsOrigins":"*","level":"info","logLevel":"info","message":"Server configuration:","mongoConnected":false,"nodeEnv":"development","port":3000,"service":"iot-tracking-server","timestamp":"2025-08-01T05:12:35.216Z"}
{"level":"info","message":"Redis client connected","service":"iot-tracking-server","timestamp":"2025-08-01T05:12:35.252Z"}
{"level":"info","message":"Redis connection established for rate limiting","service":"iot-tracking-server","timestamp":"2025-08-01T05:12:35.254Z"}
{"level":"info","message":"MongoDB Connected: transactions-shard-00-00.puvlf.mongodb.net","service":"iot-tracking-server","timestamp":"2025-08-01T05:12:35.590Z"}
{"level":"info","message":"Received SIGINT. Starting graceful shutdown...","service":"iot-tracking-server","timestamp":"2025-08-01T05:14:05.453Z"}
{"level":"warn","message":"Failed to create Redis store for rate limiting, using memory store","service":"iot-tracking-server","timestamp":"2025-08-01T05:14:30.731Z"}
{"level":"warn","message":"Failed to create Redis store for rate limiting, using memory store","service":"iot-tracking-server","timestamp":"2025-08-01T05:14:30.735Z"}
{"level":"warn","message":"Failed to create Redis store for rate limiting, using memory store","service":"iot-tracking-server","timestamp":"2025-08-01T05:14:30.736Z"}
{"level":"warn","message":"Failed to create Redis store for rate limiting, using memory store","service":"iot-tracking-server","timestamp":"2025-08-01T05:14:30.736Z"}
{"level":"warn","message":"Failed to create Redis store for rate limiting, using memory store","service":"iot-tracking-server","timestamp":"2025-08-01T05:14:30.737Z"}
{"apiVersion":"v1","environment":"development","level":"info","message":"🚀 IoT Tracking Server started","port":3000,"processId":20196,"service":"iot-tracking-server","timestamp":"2025-08-01T05:14:30.795Z"}
{"apiVersion":"v1","corsOrigins":"*","level":"info","logLevel":"info","message":"Server configuration:","mongoConnected":false,"nodeEnv":"development","port":3000,"service":"iot-tracking-server","timestamp":"2025-08-01T05:14:30.796Z"}
{"level":"info","message":"Redis client connected","service":"iot-tracking-server","timestamp":"2025-08-01T05:14:30.801Z"}
{"level":"info","message":"Redis connection established for rate limiting","service":"iot-tracking-server","timestamp":"2025-08-01T05:14:30.834Z"}
{"level":"info","message":"MongoDB Connected: transactions-shard-00-00.puvlf.mongodb.net","service":"iot-tracking-server","timestamp":"2025-08-01T05:14:31.503Z"}
{"body":{},"deviceId":"unknown","ip":"::ffff:127.0.0.1","level":"error","message":"Error occurred: Expected property name or '}' in JSON at position 1 (line 1 column 2)","method":"POST","params":{},"query":{},"service":"iot-tracking-server","stack":"SyntaxError: Expected property name or '}' in JSON at position 1 (line 1 column 2)\n    at JSON.parse (<anonymous>)\n    at parse (C:\\Users\\Hp\\Desktop\\dev\\software\\mohit\\fixpoint-drishti-backend\\node_modules\\body-parser\\lib\\types\\json.js:92:19)\n    at C:\\Users\\Hp\\Desktop\\dev\\software\\mohit\\fixpoint-drishti-backend\\node_modules\\body-parser\\lib\\read.js:128:18\n    at AsyncResource.runInAsyncScope (node:async_hooks:214:14)\n    at invokeCallback (C:\\Users\\Hp\\Desktop\\dev\\software\\mohit\\fixpoint-drishti-backend\\node_modules\\raw-body\\index.js:238:16)\n    at done (C:\\Users\\Hp\\Desktop\\dev\\software\\mohit\\fixpoint-drishti-backend\\node_modules\\raw-body\\index.js:227:7)\n    at IncomingMessage.onEnd (C:\\Users\\Hp\\Desktop\\dev\\software\\mohit\\fixpoint-drishti-backend\\node_modules\\raw-body\\index.js:287:7)\n    at IncomingMessage.emit (node:events:518:28)\n    at endReadableNT (node:internal/streams/readable:1698:12)\n    at process.processTicksAndRejections (node:internal/process/task_queues:90:21)","timestamp":"2025-08-01T05:15:08.673Z","url":"/api/v1/device/register","userAgent":"curl/8.0.1"}
{"level":"warn","message":"Failed to create Redis store for rate limiting, using memory store","service":"iot-tracking-server","timestamp":"2025-08-01T05:15:27.068Z"}
{"level":"warn","message":"Failed to create Redis store for rate limiting, using memory store","service":"iot-tracking-server","timestamp":"2025-08-01T05:15:27.072Z"}
{"level":"warn","message":"Failed to create Redis store for rate limiting, using memory store","service":"iot-tracking-server","timestamp":"2025-08-01T05:15:27.073Z"}
{"level":"warn","message":"Failed to create Redis store for rate limiting, using memory store","service":"iot-tracking-server","timestamp":"2025-08-01T05:15:27.073Z"}
{"level":"warn","message":"Failed to create Redis store for rate limiting, using memory store","service":"iot-tracking-server","timestamp":"2025-08-01T05:15:27.074Z"}
{"apiVersion":"v1","environment":"development","level":"info","message":"🚀 IoT Tracking Server started","port":3000,"processId":21672,"service":"iot-tracking-server","timestamp":"2025-08-01T05:15:27.133Z"}
{"apiVersion":"v1","corsOrigins":"*","level":"info","logLevel":"info","message":"Server configuration:","mongoConnected":false,"nodeEnv":"development","port":3000,"service":"iot-tracking-server","timestamp":"2025-08-01T05:15:27.134Z"}
{"level":"info","message":"Redis client connected","service":"iot-tracking-server","timestamp":"2025-08-01T05:15:27.170Z"}
{"level":"info","message":"Redis connection established for rate limiting","service":"iot-tracking-server","timestamp":"2025-08-01T05:15:27.173Z"}
{"level":"info","message":"MongoDB Connected: transactions-shard-00-00.puvlf.mongodb.net","service":"iot-tracking-server","timestamp":"2025-08-01T05:15:27.558Z"}
{"deviceId":"ESP32001","error":"Validation failed: geofence.center.coordinates: Coordinates must contain exactly 2 elements [longitude, latitude]","level":"error","message":"Error registering device:","name":"Vehicle Tracker 1","service":"iot-tracking-server","timestamp":"2025-08-01T05:16:03.953Z"}
{"body":{"alertSettings":{"geofenceEnabled":false,"lowBatteryEnabled":true,"tamperingEnabled":true,"vibrationEnabled":true},"batteryThreshold":20,"description":"Primary vehicle tracking device","deviceId":"ESP32001","hardware":{"imei":"123456789012345","model":"ESP32-WROOM-32","version":"1.0"},"name":"Vehicle Tracker 1"},"deviceId":"ESP32001","ip":"::ffff:127.0.0.1","level":"error","message":"Error occurred: Validation failed: geofence.center.coordinates: Coordinates must contain exactly 2 elements [longitude, latitude]","method":"POST","params":{},"query":{},"service":"iot-tracking-server","stack":"ValidationError: Validation failed: geofence.center.coordinates: Coordinates must contain exactly 2 elements [longitude, latitude]\n    at _done (C:\\Users\\Hp\\Desktop\\dev\\software\\mohit\\fixpoint-drishti-backend\\node_modules\\mongoose\\lib\\helpers\\updateValidators.js:231:19)\n    at C:\\Users\\Hp\\Desktop\\dev\\software\\mohit\\fixpoint-drishti-backend\\node_modules\\mongoose\\lib\\helpers\\updateValidators.js:207:11\n    at schemaPath.doValidate.updateValidator (C:\\Users\\Hp\\Desktop\\dev\\software\\mohit\\fixpoint-drishti-backend\\node_modules\\mongoose\\lib\\helpers\\updateValidators.js:165:13)\n    at C:\\Users\\Hp\\Desktop\\dev\\software\\mohit\\fixpoint-drishti-backend\\node_modules\\mongoose\\lib\\schemaType.js:1410:9\n    at process.processTicksAndRejections (node:internal/process/task_queues:85:11)","timestamp":"2025-08-01T05:16:03.955Z","url":"/api/v1/device/register","userAgent":"curl/8.0.1"}
{"contentLength":"226","deviceId":"ESP32001","duration":"21ms","ip":"::ffff:127.0.0.1","level":"warn","message":"HTTP Request","method":"POST","service":"iot-tracking-server","statusCode":400,"timestamp":"2025-08-01T05:16:03.960Z","url":"/api/v1/device/register","userAgent":"curl/8.0.1"}
{"level":"warn","message":"Failed to create Redis store for rate limiting, using memory store","service":"iot-tracking-server","timestamp":"2025-08-01T05:16:26.032Z"}
{"level":"warn","message":"Failed to create Redis store for rate limiting, using memory store","service":"iot-tracking-server","timestamp":"2025-08-01T05:16:26.035Z"}
{"level":"warn","message":"Failed to create Redis store for rate limiting, using memory store","service":"iot-tracking-server","timestamp":"2025-08-01T05:16:26.036Z"}
{"level":"warn","message":"Failed to create Redis store for rate limiting, using memory store","service":"iot-tracking-server","timestamp":"2025-08-01T05:16:26.036Z"}
{"level":"warn","message":"Failed to create Redis store for rate limiting, using memory store","service":"iot-tracking-server","timestamp":"2025-08-01T05:16:26.037Z"}
{"apiVersion":"v1","environment":"development","level":"info","message":"🚀 IoT Tracking Server started","port":3000,"processId":18844,"service":"iot-tracking-server","timestamp":"2025-08-01T05:16:26.095Z"}
{"apiVersion":"v1","corsOrigins":"*","level":"info","logLevel":"info","message":"Server configuration:","mongoConnected":false,"nodeEnv":"development","port":3000,"service":"iot-tracking-server","timestamp":"2025-08-01T05:16:26.096Z"}
{"level":"info","message":"Redis client connected","service":"iot-tracking-server","timestamp":"2025-08-01T05:16:26.101Z"}
{"level":"info","message":"Redis connection established for rate limiting","service":"iot-tracking-server","timestamp":"2025-08-01T05:16:26.104Z"}
{"level":"info","message":"MongoDB Connected: transactions-shard-00-00.puvlf.mongodb.net","service":"iot-tracking-server","timestamp":"2025-08-01T05:16:26.486Z"}
{"level":"warn","message":"Failed to create Redis store for rate limiting, using memory store","service":"iot-tracking-server","timestamp":"2025-08-01T05:16:35.362Z"}
{"level":"warn","message":"Failed to create Redis store for rate limiting, using memory store","service":"iot-tracking-server","timestamp":"2025-08-01T05:16:35.365Z"}
{"level":"warn","message":"Failed to create Redis store for rate limiting, using memory store","service":"iot-tracking-server","timestamp":"2025-08-01T05:16:35.366Z"}
{"level":"warn","message":"Failed to create Redis store for rate limiting, using memory store","service":"iot-tracking-server","timestamp":"2025-08-01T05:16:35.367Z"}
{"level":"warn","message":"Failed to create Redis store for rate limiting, using memory store","service":"iot-tracking-server","timestamp":"2025-08-01T05:16:35.367Z"}
{"apiVersion":"v1","environment":"development","level":"info","message":"🚀 IoT Tracking Server started","port":3000,"processId":21404,"service":"iot-tracking-server","timestamp":"2025-08-01T05:16:35.425Z"}
{"apiVersion":"v1","corsOrigins":"*","level":"info","logLevel":"info","message":"Server configuration:","mongoConnected":false,"nodeEnv":"development","port":3000,"service":"iot-tracking-server","timestamp":"2025-08-01T05:16:35.426Z"}
{"level":"info","message":"Redis client connected","service":"iot-tracking-server","timestamp":"2025-08-01T05:16:35.461Z"}
{"level":"info","message":"Redis connection established for rate limiting","service":"iot-tracking-server","timestamp":"2025-08-01T05:16:35.463Z"}
{"level":"info","message":"MongoDB Connected: transactions-shard-00-00.puvlf.mongodb.net","service":"iot-tracking-server","timestamp":"2025-08-01T05:16:35.691Z"}
{"level":"warn","message":"Failed to create Redis store for rate limiting, using memory store","service":"iot-tracking-server","timestamp":"2025-08-01T05:16:49.267Z"}
{"level":"warn","message":"Failed to create Redis store for rate limiting, using memory store","service":"iot-tracking-server","timestamp":"2025-08-01T05:16:49.271Z"}
{"level":"warn","message":"Failed to create Redis store for rate limiting, using memory store","service":"iot-tracking-server","timestamp":"2025-08-01T05:16:49.272Z"}
{"level":"warn","message":"Failed to create Redis store for rate limiting, using memory store","service":"iot-tracking-server","timestamp":"2025-08-01T05:16:49.272Z"}
{"level":"warn","message":"Failed to create Redis store for rate limiting, using memory store","service":"iot-tracking-server","timestamp":"2025-08-01T05:16:49.273Z"}
{"apiVersion":"v1","environment":"development","level":"info","message":"🚀 IoT Tracking Server started","port":3000,"processId":13588,"service":"iot-tracking-server","timestamp":"2025-08-01T05:16:49.331Z"}
{"apiVersion":"v1","corsOrigins":"*","level":"info","logLevel":"info","message":"Server configuration:","mongoConnected":false,"nodeEnv":"development","port":3000,"service":"iot-tracking-server","timestamp":"2025-08-01T05:16:49.332Z"}
{"level":"info","message":"Redis client connected","service":"iot-tracking-server","timestamp":"2025-08-01T05:16:49.367Z"}
{"level":"info","message":"Redis connection established for rate limiting","service":"iot-tracking-server","timestamp":"2025-08-01T05:16:49.369Z"}
{"level":"info","message":"MongoDB Connected: transactions-shard-00-00.puvlf.mongodb.net","service":"iot-tracking-server","timestamp":"2025-08-01T05:16:49.603Z"}
{"level":"warn","message":"Failed to create Redis store for rate limiting, using memory store","service":"iot-tracking-server","timestamp":"2025-08-01T05:17:00.372Z"}
{"level":"warn","message":"Failed to create Redis store for rate limiting, using memory store","service":"iot-tracking-server","timestamp":"2025-08-01T05:17:00.376Z"}
{"level":"warn","message":"Failed to create Redis store for rate limiting, using memory store","service":"iot-tracking-server","timestamp":"2025-08-01T05:17:00.377Z"}
{"level":"warn","message":"Failed to create Redis store for rate limiting, using memory store","service":"iot-tracking-server","timestamp":"2025-08-01T05:17:00.377Z"}
{"level":"warn","message":"Failed to create Redis store for rate limiting, using memory store","service":"iot-tracking-server","timestamp":"2025-08-01T05:17:00.377Z"}
{"apiVersion":"v1","environment":"development","level":"info","message":"🚀 IoT Tracking Server started","port":3000,"processId":21732,"service":"iot-tracking-server","timestamp":"2025-08-01T05:17:00.436Z"}
{"apiVersion":"v1","corsOrigins":"*","level":"info","logLevel":"info","message":"Server configuration:","mongoConnected":false,"nodeEnv":"development","port":3000,"service":"iot-tracking-server","timestamp":"2025-08-01T05:17:00.437Z"}
{"level":"info","message":"Redis client connected","service":"iot-tracking-server","timestamp":"2025-08-01T05:17:00.471Z"}
{"level":"info","message":"Redis connection established for rate limiting","service":"iot-tracking-server","timestamp":"2025-08-01T05:17:00.474Z"}
{"level":"info","message":"MongoDB Connected: transactions-shard-00-00.puvlf.mongodb.net","service":"iot-tracking-server","timestamp":"2025-08-01T05:17:00.723Z"}
{"level":"warn","message":"Failed to create Redis store for rate limiting, using memory store","service":"iot-tracking-server","timestamp":"2025-08-01T05:17:10.058Z"}
{"level":"warn","message":"Failed to create Redis store for rate limiting, using memory store","service":"iot-tracking-server","timestamp":"2025-08-01T05:17:10.062Z"}
{"level":"warn","message":"Failed to create Redis store for rate limiting, using memory store","service":"iot-tracking-server","timestamp":"2025-08-01T05:17:10.062Z"}
{"level":"warn","message":"Failed to create Redis store for rate limiting, using memory store","service":"iot-tracking-server","timestamp":"2025-08-01T05:17:10.063Z"}
{"level":"warn","message":"Failed to create Redis store for rate limiting, using memory store","service":"iot-tracking-server","timestamp":"2025-08-01T05:17:10.063Z"}
{"apiVersion":"v1","environment":"development","level":"info","message":"🚀 IoT Tracking Server started","port":3000,"processId":13216,"service":"iot-tracking-server","timestamp":"2025-08-01T05:17:10.122Z"}
{"apiVersion":"v1","corsOrigins":"*","level":"info","logLevel":"info","message":"Server configuration:","mongoConnected":false,"nodeEnv":"development","port":3000,"service":"iot-tracking-server","timestamp":"2025-08-01T05:17:10.123Z"}
{"level":"info","message":"Redis client connected","service":"iot-tracking-server","timestamp":"2025-08-01T05:17:10.158Z"}
{"level":"info","message":"Redis connection established for rate limiting","service":"iot-tracking-server","timestamp":"2025-08-01T05:17:10.160Z"}
{"level":"info","message":"MongoDB Connected: transactions-shard-00-00.puvlf.mongodb.net","service":"iot-tracking-server","timestamp":"2025-08-01T05:17:10.387Z"}
{"level":"warn","message":"Failed to create Redis store for rate limiting, using memory store","service":"iot-tracking-server","timestamp":"2025-08-01T05:17:18.045Z"}
{"level":"warn","message":"Failed to create Redis store for rate limiting, using memory store","service":"iot-tracking-server","timestamp":"2025-08-01T05:17:18.048Z"}
{"level":"warn","message":"Failed to create Redis store for rate limiting, using memory store","service":"iot-tracking-server","timestamp":"2025-08-01T05:17:18.048Z"}
{"level":"warn","message":"Failed to create Redis store for rate limiting, using memory store","service":"iot-tracking-server","timestamp":"2025-08-01T05:17:18.049Z"}
{"level":"warn","message":"Failed to create Redis store for rate limiting, using memory store","service":"iot-tracking-server","timestamp":"2025-08-01T05:17:18.049Z"}
{"apiVersion":"v1","environment":"development","level":"info","message":"🚀 IoT Tracking Server started","port":3000,"processId":13716,"service":"iot-tracking-server","timestamp":"2025-08-01T05:17:18.109Z"}
{"apiVersion":"v1","corsOrigins":"*","level":"info","logLevel":"info","message":"Server configuration:","mongoConnected":false,"nodeEnv":"development","port":3000,"service":"iot-tracking-server","timestamp":"2025-08-01T05:17:18.110Z"}
{"level":"info","message":"Redis client connected","service":"iot-tracking-server","timestamp":"2025-08-01T05:17:18.145Z"}
{"level":"info","message":"Redis connection established for rate limiting","service":"iot-tracking-server","timestamp":"2025-08-01T05:17:18.147Z"}
{"level":"info","message":"MongoDB Connected: transactions-shard-00-00.puvlf.mongodb.net","service":"iot-tracking-server","timestamp":"2025-08-01T05:17:18.401Z"}
{"deviceId":"ESP32001","isNew":false,"level":"info","message":"Device updated","name":"Vehicle Tracker 1","service":"iot-tracking-server","timestamp":"2025-08-01T05:17:27.100Z"}
{"contentLength":"223","deviceId":"ESP32001","duration":"39ms","ip":"::ffff:127.0.0.1","level":"info","message":"HTTP Request","method":"POST","service":"iot-tracking-server","statusCode":201,"timestamp":"2025-08-01T05:17:27.106Z","url":"/register","userAgent":"curl/8.0.1"}
{"level":"warn","message":"Failed to create Redis store for rate limiting, using memory store","service":"iot-tracking-server","timestamp":"2025-08-01T05:17:38.045Z"}
{"level":"warn","message":"Failed to create Redis store for rate limiting, using memory store","service":"iot-tracking-server","timestamp":"2025-08-01T05:17:38.049Z"}
{"level":"warn","message":"Failed to create Redis store for rate limiting, using memory store","service":"iot-tracking-server","timestamp":"2025-08-01T05:17:38.050Z"}
{"level":"warn","message":"Failed to create Redis store for rate limiting, using memory store","service":"iot-tracking-server","timestamp":"2025-08-01T05:17:38.051Z"}
{"level":"warn","message":"Failed to create Redis store for rate limiting, using memory store","service":"iot-tracking-server","timestamp":"2025-08-01T05:17:38.052Z"}
{"apiVersion":"v1","environment":"development","level":"info","message":"🚀 IoT Tracking Server started","port":3000,"processId":10052,"service":"iot-tracking-server","timestamp":"2025-08-01T05:17:38.114Z"}
{"apiVersion":"v1","corsOrigins":"*","level":"info","logLevel":"info","message":"Server configuration:","mongoConnected":false,"nodeEnv":"development","port":3000,"service":"iot-tracking-server","timestamp":"2025-08-01T05:17:38.115Z"}
{"level":"info","message":"Redis client connected","service":"iot-tracking-server","timestamp":"2025-08-01T05:17:38.120Z"}
{"level":"info","message":"Redis connection established for rate limiting","service":"iot-tracking-server","timestamp":"2025-08-01T05:17:38.123Z"}
{"level":"info","message":"MongoDB Connected: transactions-shard-00-00.puvlf.mongodb.net","service":"iot-tracking-server","timestamp":"2025-08-01T05:17:38.383Z"}
{"level":"warn","message":"Failed to create Redis store for rate limiting, using memory store","service":"iot-tracking-server","timestamp":"2025-08-01T05:17:40.091Z"}
{"level":"warn","message":"Failed to create Redis store for rate limiting, using memory store","service":"iot-tracking-server","timestamp":"2025-08-01T05:17:40.094Z"}
{"level":"warn","message":"Failed to create Redis store for rate limiting, using memory store","service":"iot-tracking-server","timestamp":"2025-08-01T05:17:40.095Z"}
{"level":"warn","message":"Failed to create Redis store for rate limiting, using memory store","service":"iot-tracking-server","timestamp":"2025-08-01T05:17:40.095Z"}
{"level":"warn","message":"Failed to create Redis store for rate limiting, using memory store","service":"iot-tracking-server","timestamp":"2025-08-01T05:17:40.096Z"}
{"apiVersion":"v1","environment":"development","level":"info","message":"🚀 IoT Tracking Server started","port":3000,"processId":14316,"service":"iot-tracking-server","timestamp":"2025-08-01T05:17:40.155Z"}
{"apiVersion":"v1","corsOrigins":"*","level":"info","logLevel":"info","message":"Server configuration:","mongoConnected":false,"nodeEnv":"development","port":3000,"service":"iot-tracking-server","timestamp":"2025-08-01T05:17:40.156Z"}
{"level":"info","message":"Redis client connected","service":"iot-tracking-server","timestamp":"2025-08-01T05:17:40.191Z"}
{"level":"info","message":"Redis connection established for rate limiting","service":"iot-tracking-server","timestamp":"2025-08-01T05:17:40.193Z"}
{"level":"info","message":"MongoDB Connected: transactions-shard-00-00.puvlf.mongodb.net","service":"iot-tracking-server","timestamp":"2025-08-01T05:17:40.425Z"}
{"level":"warn","message":"Failed to create Redis store for rate limiting, using memory store","service":"iot-tracking-server","timestamp":"2025-08-01T05:17:57.660Z"}
{"level":"warn","message":"Failed to create Redis store for rate limiting, using memory store","service":"iot-tracking-server","timestamp":"2025-08-01T05:17:57.663Z"}
{"level":"warn","message":"Failed to create Redis store for rate limiting, using memory store","service":"iot-tracking-server","timestamp":"2025-08-01T05:17:57.664Z"}
{"level":"warn","message":"Failed to create Redis store for rate limiting, using memory store","service":"iot-tracking-server","timestamp":"2025-08-01T05:17:57.665Z"}
{"level":"warn","message":"Failed to create Redis store for rate limiting, using memory store","service":"iot-tracking-server","timestamp":"2025-08-01T05:17:57.665Z"}
{"apiVersion":"v1","environment":"development","level":"info","message":"🚀 IoT Tracking Server started","port":3000,"processId":18416,"service":"iot-tracking-server","timestamp":"2025-08-01T05:17:57.725Z"}
{"apiVersion":"v1","corsOrigins":"*","level":"info","logLevel":"info","message":"Server configuration:","mongoConnected":false,"nodeEnv":"development","port":3000,"service":"iot-tracking-server","timestamp":"2025-08-01T05:17:57.726Z"}
{"level":"info","message":"Redis client connected","service":"iot-tracking-server","timestamp":"2025-08-01T05:17:57.761Z"}
{"level":"info","message":"Redis connection established for rate limiting","service":"iot-tracking-server","timestamp":"2025-08-01T05:17:57.763Z"}
{"level":"info","message":"MongoDB Connected: transactions-shard-00-00.puvlf.mongodb.net","service":"iot-tracking-server","timestamp":"2025-08-01T05:17:58.006Z"}
{"deviceId":"ESP32001","isNew":false,"level":"info","message":"Device updated","name":"Vehicle Tracker 1","service":"iot-tracking-server","timestamp":"2025-08-01T05:18:00.310Z"}
{"contentLength":"223","deviceId":"ESP32001","duration":"34ms","ip":"::1","level":"info","message":"HTTP Request","method":"POST","service":"iot-tracking-server","statusCode":201,"timestamp":"2025-08-01T05:18:00.314Z","url":"/register","userAgent":"PostmanRuntime/7.44.1"}
{"deviceId":"ESP32002","isNew":false,"level":"info","message":"Device updated","name":"Vehicle Tracker 1","service":"iot-tracking-server","timestamp":"2025-08-01T05:18:05.827Z"}
{"contentLength":"223","deviceId":"ESP32002","duration":"14ms","ip":"::1","level":"info","message":"HTTP Request","method":"POST","service":"iot-tracking-server","statusCode":201,"timestamp":"2025-08-01T05:18:05.828Z","url":"/register","userAgent":"PostmanRuntime/7.44.1"}
{"deviceId":"ESP32_001","ip":"::1","level":"warn","message":"Invalid API key","method":"POST","providedKey":"your_api...","service":"iot-tracking-server","timestamp":"2025-08-01T05:19:10.866Z","url":"/update-data","userAgent":"PostmanRuntime/7.44.1"}
{"contentLength":"84","deviceId":"ESP32_001","duration":"2ms","ip":"::1","level":"warn","message":"HTTP Request","method":"POST","service":"iot-tracking-server","statusCode":401,"timestamp":"2025-08-01T05:19:10.867Z","url":"/update-data","userAgent":"PostmanRuntime/7.44.1"}
{"deviceId":"ESP32_001","errors":[{"field":"deviceId","message":"Device ID must contain only alphanumeric characters","value":"ESP32_001"}],"level":"warn","message":"Validation failed","method":"POST","service":"iot-tracking-server","source":"body","timestamp":"2025-08-01T05:19:19.053Z","url":"/update-data"}
{"contentLength":"202","deviceId":"ESP32_001","duration":"3ms","ip":"::1","level":"warn","message":"HTTP Request","method":"POST","service":"iot-tracking-server","statusCode":400,"timestamp":"2025-08-01T05:19:19.054Z","url":"/update-data","userAgent":"PostmanRuntime/7.44.1"}
{"batteryPercentage":85,"batteryVoltage":3.7,"deviceId":"ESP32001","level":"warn","message":"Low battery alert created","service":"iot-tracking-server","threshold":20,"timestamp":"2025-08-01T05:19:31.020Z"}
{"alertsCreated":1,"batteryVoltage":3.7,"coordinates":[40.7128,-74.006],"deviceId":"ESP32001","level":"info","message":"Location data updated successfully","service":"iot-tracking-server","timestamp":"2024-01-15T12:00:00.000Z"}
{"contentLength":"267","deviceId":"ESP32001","duration":"71ms","ip":"::1","level":"info","message":"HTTP Request","method":"POST","service":"iot-tracking-server","statusCode":200,"timestamp":"2025-08-01T05:19:31.022Z","url":"/update-data","userAgent":"PostmanRuntime/7.44.1"}
{"alertsCreated":0,"batteryVoltage":3.7,"coordinates":[40.7128,-74.006],"deviceId":"ESP32001","level":"info","message":"Location data updated successfully","service":"iot-tracking-server","timestamp":"2024-01-15T12:00:00.000Z"}
{"contentLength":"267","deviceId":"ESP32001","duration":"53ms","ip":"::1","level":"info","message":"HTTP Request","method":"POST","service":"iot-tracking-server","statusCode":200,"timestamp":"2025-08-01T05:23:32.465Z","url":"/update-data","userAgent":"PostmanRuntime/7.44.1"}
{"alertsCreated":0,"batteryVoltage":3.7,"coordinates":[40.7128,-74.006],"deviceId":"ESP32001","level":"info","message":"Location data updated successfully","service":"iot-tracking-server","timestamp":"2024-01-15T12:00:00.000Z"}
{"contentLength":"267","deviceId":"ESP32001","duration":"35ms","ip":"::1","level":"info","message":"HTTP Request","method":"POST","service":"iot-tracking-server","statusCode":200,"timestamp":"2025-08-01T05:23:38.857Z","url":"/update-data","userAgent":"PostmanRuntime/7.44.1"}
{"body":{},"deviceId":"unknown","ip":"::1","level":"error","message":"Error occurred: Expected property name or '}' in JSON at position 464 (line 25 column 17)","method":"POST","params":{},"query":{},"service":"iot-tracking-server","stack":"SyntaxError: Expected property name or '}' in JSON at position 464 (line 25 column 17)\n    at JSON.parse (<anonymous>)\n    at parse (C:\\Users\\Hp\\Desktop\\dev\\software\\mohit\\fixpoint-drishti-backend\\node_modules\\body-parser\\lib\\types\\json.js:92:19)\n    at C:\\Users\\Hp\\Desktop\\dev\\software\\mohit\\fixpoint-drishti-backend\\node_modules\\body-parser\\lib\\read.js:128:18\n    at AsyncResource.runInAsyncScope (node:async_hooks:214:14)\n    at invokeCallback (C:\\Users\\Hp\\Desktop\\dev\\software\\mohit\\fixpoint-drishti-backend\\node_modules\\raw-body\\index.js:238:16)\n    at done (C:\\Users\\Hp\\Desktop\\dev\\software\\mohit\\fixpoint-drishti-backend\\node_modules\\raw-body\\index.js:227:7)\n    at IncomingMessage.onEnd (C:\\Users\\Hp\\Desktop\\dev\\software\\mohit\\fixpoint-drishti-backend\\node_modules\\raw-body\\index.js:287:7)\n    at IncomingMessage.emit (node:events:518:28)\n    at endReadableNT (node:internal/streams/readable:1698:12)\n    at process.processTicksAndRejections (node:internal/process/task_queues:90:21)","timestamp":"2025-08-01T05:25:00.729Z","url":"/api/v1/device/update-data","userAgent":"PostmanRuntime/7.44.1"}
{"deviceId":"ESP32001","errors":[{"field":"timestamp","message":"Timestamp must be a valid date","value":"{{$currentTimestamp}}"}],"level":"warn","message":"Validation failed","method":"POST","service":"iot-tracking-server","source":"body","timestamp":"2025-08-01T05:25:43.797Z","url":"/update-data"}
{"contentLength":"194","deviceId":"ESP32001","duration":"2ms","ip":"::1","level":"warn","message":"HTTP Request","method":"POST","service":"iot-tracking-server","statusCode":400,"timestamp":"2025-08-01T05:25:43.799Z","url":"/update-data","userAgent":"PostmanRuntime/7.44.1"}
{"body":{},"deviceId":"unknown","ip":"::1","level":"error","message":"Error occurred: Expected ',' or '}' after property value in JSON at position 470 (line 25 column 20)","method":"POST","params":{},"query":{},"service":"iot-tracking-server","stack":"SyntaxError: Expected ',' or '}' after property value in JSON at position 470 (line 25 column 20)\n    at JSON.parse (<anonymous>)\n    at parse (C:\\Users\\Hp\\Desktop\\dev\\software\\mohit\\fixpoint-drishti-backend\\node_modules\\body-parser\\lib\\types\\json.js:92:19)\n    at C:\\Users\\Hp\\Desktop\\dev\\software\\mohit\\fixpoint-drishti-backend\\node_modules\\body-parser\\lib\\read.js:128:18\n    at AsyncResource.runInAsyncScope (node:async_hooks:214:14)\n    at invokeCallback (C:\\Users\\Hp\\Desktop\\dev\\software\\mohit\\fixpoint-drishti-backend\\node_modules\\raw-body\\index.js:238:16)\n    at done (C:\\Users\\Hp\\Desktop\\dev\\software\\mohit\\fixpoint-drishti-backend\\node_modules\\raw-body\\index.js:227:7)\n    at IncomingMessage.onEnd (C:\\Users\\Hp\\Desktop\\dev\\software\\mohit\\fixpoint-drishti-backend\\node_modules\\raw-body\\index.js:287:7)\n    at IncomingMessage.emit (node:events:518:28)\n    at endReadableNT (node:internal/streams/readable:1698:12)\n    at process.processTicksAndRejections (node:internal/process/task_queues:90:21)","timestamp":"2025-08-01T05:26:15.247Z","url":"/api/v1/device/update-data","userAgent":"PostmanRuntime/7.44.1"}
{"alertsCreated":0,"batteryVoltage":3.7,"coordinates":[-78.5813,-3.1072],"deviceId":"ESP32001","level":"info","message":"Location data updated successfully","service":"iot-tracking-server","timestamp":"2025-08-01T05:26:50.948Z"}
{"contentLength":"268","deviceId":"ESP32001","duration":"54ms","ip":"::1","level":"info","message":"HTTP Request","method":"POST","service":"iot-tracking-server","statusCode":200,"timestamp":"2025-08-01T05:26:51.051Z","url":"/update-data","userAgent":"PostmanRuntime/7.44.1"}
{"alertsCreated":0,"batteryVoltage":3.7,"coordinates":[2.1279,-128.2454],"deviceId":"ESP32001","level":"info","message":"Location data updated successfully","service":"iot-tracking-server","timestamp":"2025-08-01T05:27:02.810Z"}
{"contentLength":"268","deviceId":"ESP32001","duration":"42ms","ip":"::1","level":"info","message":"HTTP Request","method":"POST","service":"iot-tracking-server","statusCode":200,"timestamp":"2025-08-01T05:27:02.898Z","url":"/update-data","userAgent":"PostmanRuntime/7.44.1"}
{"level":"info","message":"Received SIGINT. Starting graceful shutdown...","service":"iot-tracking-server","timestamp":"2025-08-01T05:27:33.307Z"}
{"level":"warn","message":"Failed to create Redis store for rate limiting, using memory store","service":"iot-tracking-server","timestamp":"2025-08-01T05:27:45.269Z"}
{"level":"warn","message":"Failed to create Redis store for rate limiting, using memory store","service":"iot-tracking-server","timestamp":"2025-08-01T05:27:45.273Z"}
{"level":"warn","message":"Failed to create Redis store for rate limiting, using memory store","service":"iot-tracking-server","timestamp":"2025-08-01T05:27:45.273Z"}
{"level":"warn","message":"Failed to create Redis store for rate limiting, using memory store","service":"iot-tracking-server","timestamp":"2025-08-01T05:27:45.274Z"}
{"level":"warn","message":"Failed to create Redis store for rate limiting, using memory store","service":"iot-tracking-server","timestamp":"2025-08-01T05:27:45.274Z"}
{"apiVersion":"v1","environment":"development","level":"info","message":"🚀 IoT Tracking Server started","port":3000,"processId":16700,"service":"iot-tracking-server","timestamp":"2025-08-01T05:27:45.332Z"}
{"apiVersion":"v1","corsOrigins":"*","level":"info","logLevel":"info","message":"Server configuration:","mongoConnected":false,"nodeEnv":"development","port":3000,"service":"iot-tracking-server","timestamp":"2025-08-01T05:27:45.333Z"}
{"level":"info","message":"Redis client connected","service":"iot-tracking-server","timestamp":"2025-08-01T05:27:45.338Z"}
{"level":"info","message":"Redis connection established for rate limiting","service":"iot-tracking-server","timestamp":"2025-08-01T05:27:45.373Z"}
{"level":"info","message":"MongoDB Connected: transactions-shard-00-00.puvlf.mongodb.net","service":"iot-tracking-server","timestamp":"2025-08-01T05:27:45.964Z"}
{"level":"warn","message":"Failed to create Redis store for rate limiting, using memory store","service":"iot-tracking-server","timestamp":"2025-08-01T05:28:58.478Z"}
{"level":"warn","message":"Failed to create Redis store for rate limiting, using memory store","service":"iot-tracking-server","timestamp":"2025-08-01T05:28:58.482Z"}
{"level":"warn","message":"Failed to create Redis store for rate limiting, using memory store","service":"iot-tracking-server","timestamp":"2025-08-01T05:28:58.483Z"}
{"level":"warn","message":"Failed to create Redis store for rate limiting, using memory store","service":"iot-tracking-server","timestamp":"2025-08-01T05:28:58.483Z"}
{"level":"warn","message":"Failed to create Redis store for rate limiting, using memory store","service":"iot-tracking-server","timestamp":"2025-08-01T05:28:58.484Z"}
{"apiVersion":"v1","environment":"development","level":"info","message":"🚀 IoT Tracking Server started","port":3000,"processId":20536,"service":"iot-tracking-server","timestamp":"2025-08-01T05:28:58.544Z"}
{"apiVersion":"v1","corsOrigins":"*","level":"info","logLevel":"info","message":"Server configuration:","mongoConnected":false,"nodeEnv":"development","port":3000,"service":"iot-tracking-server","timestamp":"2025-08-01T05:28:58.544Z"}
{"level":"info","message":"Redis client connected","service":"iot-tracking-server","timestamp":"2025-08-01T05:28:58.551Z"}
{"level":"info","message":"Redis connection established for rate limiting","service":"iot-tracking-server","timestamp":"2025-08-01T05:28:58.553Z"}
{"level":"info","message":"MongoDB Connected: transactions-shard-00-00.puvlf.mongodb.net","service":"iot-tracking-server","timestamp":"2025-08-01T05:28:59.055Z"}
{"level":"warn","message":"Failed to create Redis store for rate limiting, using memory store","service":"iot-tracking-server","timestamp":"2025-08-01T05:29:12.044Z"}
{"level":"warn","message":"Failed to create Redis store for rate limiting, using memory store","service":"iot-tracking-server","timestamp":"2025-08-01T05:29:12.048Z"}
{"level":"warn","message":"Failed to create Redis store for rate limiting, using memory store","service":"iot-tracking-server","timestamp":"2025-08-01T05:29:12.048Z"}
{"level":"warn","message":"Failed to create Redis store for rate limiting, using memory store","service":"iot-tracking-server","timestamp":"2025-08-01T05:29:12.049Z"}
{"level":"warn","message":"Failed to create Redis store for rate limiting, using memory store","service":"iot-tracking-server","timestamp":"2025-08-01T05:29:12.049Z"}
{"apiVersion":"v1","environment":"development","level":"info","message":"🚀 IoT Tracking Server started","port":3000,"processId":10480,"service":"iot-tracking-server","timestamp":"2025-08-01T05:29:12.107Z"}
{"apiVersion":"v1","corsOrigins":"*","level":"info","logLevel":"info","message":"Server configuration:","mongoConnected":false,"nodeEnv":"development","port":3000,"service":"iot-tracking-server","timestamp":"2025-08-01T05:29:12.108Z"}
{"level":"info","message":"Redis client connected","service":"iot-tracking-server","timestamp":"2025-08-01T05:29:12.143Z"}
{"level":"info","message":"Redis connection established for rate limiting","service":"iot-tracking-server","timestamp":"2025-08-01T05:29:12.146Z"}
{"level":"info","message":"MongoDB Connected: transactions-shard-00-00.puvlf.mongodb.net","service":"iot-tracking-server","timestamp":"2025-08-01T05:29:12.374Z"}
{"level":"warn","message":"Failed to create Redis store for rate limiting, using memory store","service":"iot-tracking-server","timestamp":"2025-08-01T05:29:32.485Z"}
{"apiVersion":"v1","environment":"development","level":"info","message":"🚀 IoT Tracking Server started","port":3000,"processId":17316,"service":"iot-tracking-server","timestamp":"2025-08-01T05:29:32.545Z"}
{"apiVersion":"v1","corsOrigins":"*","level":"info","logLevel":"info","message":"Server configuration:","mongoConnected":false,"nodeEnv":"development","port":3000,"service":"iot-tracking-server","timestamp":"2025-08-01T05:29:32.546Z"}
{"level":"info","message":"Redis client connected","service":"iot-tracking-server","timestamp":"2025-08-01T05:29:32.582Z"}
{"level":"info","message":"Redis connection established for rate limiting","service":"iot-tracking-server","timestamp":"2025-08-01T05:29:32.585Z"}
{"level":"info","message":"MongoDB Connected: transactions-shard-00-00.puvlf.mongodb.net","service":"iot-tracking-server","timestamp":"2025-08-01T05:29:32.810Z"}
{"level":"warn","message":"Failed to create Redis store for rate limiting, using memory store","service":"iot-tracking-server","timestamp":"2025-08-01T05:30:08.915Z"}
{"apiVersion":"v1","environment":"development","level":"info","message":"🚀 IoT Tracking Server started","port":3000,"processId":15068,"service":"iot-tracking-server","timestamp":"2025-08-01T05:30:08.973Z"}
{"apiVersion":"v1","corsOrigins":"*","level":"info","logLevel":"info","message":"Server configuration:","mongoConnected":false,"nodeEnv":"development","port":3000,"service":"iot-tracking-server","timestamp":"2025-08-01T05:30:08.974Z"}
{"level":"info","message":"Redis client connected","service":"iot-tracking-server","timestamp":"2025-08-01T05:30:08.979Z"}
{"level":"info","message":"Redis connection established for rate limiting","service":"iot-tracking-server","timestamp":"2025-08-01T05:30:08.981Z"}
{"level":"info","message":"MongoDB Connected: transactions-shard-00-00.puvlf.mongodb.net","service":"iot-tracking-server","timestamp":"2025-08-01T05:30:09.616Z"}
{"level":"warn","message":"Failed to create Redis store for rate limiting, using memory store","service":"iot-tracking-server","timestamp":"2025-08-01T05:31:23.626Z"}
{"apiVersion":"v1","environment":"development","level":"info","message":"🚀 IoT Tracking Server started","port":3000,"processId":14248,"service":"iot-tracking-server","timestamp":"2025-08-01T05:31:23.689Z"}
{"apiVersion":"v1","corsOrigins":"*","level":"info","logLevel":"info","message":"Server configuration:","mongoConnected":false,"nodeEnv":"development","port":3000,"service":"iot-tracking-server","timestamp":"2025-08-01T05:31:23.690Z"}
{"level":"info","message":"Redis client connected","service":"iot-tracking-server","timestamp":"2025-08-01T05:31:23.694Z"}
{"level":"info","message":"Redis connection established for rate limiting","service":"iot-tracking-server","timestamp":"2025-08-01T05:31:23.727Z"}
{"level":"info","message":"MongoDB Connected: transactions-shard-00-00.puvlf.mongodb.net","service":"iot-tracking-server","timestamp":"2025-08-01T05:31:24.382Z"}
{"level":"info","message":"Received SIGINT. Starting graceful shutdown...","service":"iot-tracking-server","timestamp":"2025-08-01T05:31:42.248Z"}
